2024-03-13T02:41:37.476+0530 INFO ***********Creating user***********
2024-03-13T02:41:49.142+0530 INFO ***********User Created***********
2024-03-13T02:41:49.153+0530 INFO ***********Reading user***********
2024-03-13T02:41:50.485+0530 INFO ***********User Info Displayed***********
2024-03-13T02:41:50.497+0530 INFO ***********Updating user data***********
2024-03-13T02:41:52.388+0530 INFO ***********Creating user***********
2024-03-13T02:41:53.143+0530 INFO ***********User Data Updated***********
2024-03-13T02:41:53.147+0530 INFO ***********Deleting User***********
2024-03-13T02:41:54.445+0530 INFO ***********User Data Deleted***********
2024-03-13T02:41:59.876+0530 INFO ***********User Created***********
2024-03-13T02:42:00.031+0530 INFO ***********Reading user***********
2024-03-13T02:42:01.501+0530 INFO ***********User Info Displayed***********
2024-03-13T02:42:01.511+0530 INFO ***********Updating user data***********
2024-03-13T02:42:04.198+0530 INFO ***********User Data Updated***********
2024-03-13T02:42:04.203+0530 INFO ***********Deleting User***********
2024-03-13T02:42:05.515+0530 INFO ***********User Data Deleted***********
2024-03-13T02:47:02.955+0530 INFO ***********Creating user***********
2024-03-13T02:47:10.448+0530 INFO ***********User Created***********
2024-03-13T02:47:10.496+0530 INFO ***********Reading user***********
2024-03-13T02:47:11.848+0530 INFO ***********User Info Displayed***********
2024-03-13T02:47:11.860+0530 INFO ***********Updating user data***********
2024-03-13T02:47:14.557+0530 INFO ***********User Data Updated***********
2024-03-13T02:47:14.562+0530 INFO ***********Deleting User***********
2024-03-13T02:47:15.876+0530 INFO ***********User Data Deleted***********
2024-03-13T03:14:53.802+0530 INFO ***********Creating user***********
2024-03-13T03:15:02.994+0530 INFO ***********User Created***********
2024-03-13T03:15:03.059+0530 INFO ***********Reading user***********
2024-03-13T03:15:04.392+0530 INFO ***********User Info Displayed***********
2024-03-13T03:15:04.403+0530 INFO ***********Updating user data***********
2024-03-13T03:15:07.629+0530 INFO ***********User Data Updated***********
2024-03-13T03:15:07.640+0530 INFO ***********Deleting User***********
2024-03-13T03:15:09.012+0530 INFO ***********User Data Deleted***********
2024-03-13T03:24:29.497+0530 DEBUG Parsing relationship: /xl/_rels/workbook.xml.rels
2024-03-13T03:24:29.517+0530 DEBUG Parsing relationship: /xl/worksheets/_rels/sheet1.xml.rels
2024-03-13T03:24:29.521+0530 DEBUG Parsing relationship: /_rels/.rels
2024-03-13T03:24:31.298+0530 DEBUG Parsing relationship: /xl/_rels/workbook.xml.rels
2024-03-13T03:24:31.314+0530 DEBUG Parsing relationship: /xl/worksheets/_rels/sheet1.xml.rels
2024-03-13T03:24:31.318+0530 DEBUG Parsing relationship: /_rels/.rels
2024-03-13T03:24:31.457+0530 DEBUG Parsing relationship: /xl/_rels/workbook.xml.rels
2024-03-13T03:24:31.466+0530 DEBUG Parsing relationship: /xl/worksheets/_rels/sheet1.xml.rels
2024-03-13T03:24:31.470+0530 DEBUG Parsing relationship: /_rels/.rels
2024-03-13T03:24:31.758+0530 DEBUG Parsing relationship: /xl/_rels/workbook.xml.rels
2024-03-13T03:24:31.763+0530 DEBUG Parsing relationship: /xl/worksheets/_rels/sheet1.xml.rels
2024-03-13T03:24:31.765+0530 DEBUG Parsing relationship: /_rels/.rels
2024-03-13T03:24:31.885+0530 DEBUG Parsing relationship: /xl/_rels/workbook.xml.rels
2024-03-13T03:24:31.887+0530 DEBUG Parsing relationship: /xl/worksheets/_rels/sheet1.xml.rels
2024-03-13T03:24:31.889+0530 DEBUG Parsing relationship: /_rels/.rels
2024-03-13T03:24:31.991+0530 DEBUG Parsing relationship: /xl/_rels/workbook.xml.rels
2024-03-13T03:24:31.998+0530 DEBUG Parsing relationship: /xl/worksheets/_rels/sheet1.xml.rels
2024-03-13T03:24:32.000+0530 DEBUG Parsing relationship: /_rels/.rels
2024-03-13T03:24:32.082+0530 DEBUG Parsing relationship: /xl/_rels/workbook.xml.rels
2024-03-13T03:24:32.085+0530 DEBUG Parsing relationship: /xl/worksheets/_rels/sheet1.xml.rels
2024-03-13T03:24:32.088+0530 DEBUG Parsing relationship: /_rels/.rels
2024-03-13T03:24:32.213+0530 DEBUG Parsing relationship: /xl/_rels/workbook.xml.rels
2024-03-13T03:24:32.215+0530 DEBUG Parsing relationship: /xl/worksheets/_rels/sheet1.xml.rels
2024-03-13T03:24:32.218+0530 DEBUG Parsing relationship: /_rels/.rels
2024-03-13T03:24:32.301+0530 DEBUG Parsing relationship: /xl/_rels/workbook.xml.rels
2024-03-13T03:24:32.304+0530 DEBUG Parsing relationship: /xl/worksheets/_rels/sheet1.xml.rels
2024-03-13T03:24:32.307+0530 DEBUG Parsing relationship: /_rels/.rels
2024-03-13T03:24:32.422+0530 DEBUG Parsing relationship: /xl/_rels/workbook.xml.rels
2024-03-13T03:24:32.423+0530 DEBUG Parsing relationship: /xl/worksheets/_rels/sheet1.xml.rels
2024-03-13T03:24:32.426+0530 DEBUG Parsing relationship: /_rels/.rels
2024-03-13T03:24:32.532+0530 DEBUG Parsing relationship: /xl/_rels/workbook.xml.rels
2024-03-13T03:24:32.534+0530 DEBUG Parsing relationship: /xl/worksheets/_rels/sheet1.xml.rels
2024-03-13T03:24:32.537+0530 DEBUG Parsing relationship: /_rels/.rels
2024-03-13T03:24:32.637+0530 DEBUG Parsing relationship: /xl/_rels/workbook.xml.rels
2024-03-13T03:24:32.639+0530 DEBUG Parsing relationship: /xl/worksheets/_rels/sheet1.xml.rels
2024-03-13T03:24:32.640+0530 DEBUG Parsing relationship: /_rels/.rels
2024-03-13T03:24:32.759+0530 DEBUG Parsing relationship: /xl/_rels/workbook.xml.rels
2024-03-13T03:24:32.771+0530 DEBUG Parsing relationship: /xl/worksheets/_rels/sheet1.xml.rels
2024-03-13T03:24:32.781+0530 DEBUG Parsing relationship: /_rels/.rels
2024-03-13T03:24:32.855+0530 DEBUG Parsing relationship: /xl/_rels/workbook.xml.rels
2024-03-13T03:24:32.857+0530 DEBUG Parsing relationship: /xl/worksheets/_rels/sheet1.xml.rels
2024-03-13T03:24:32.859+0530 DEBUG Parsing relationship: /_rels/.rels
2024-03-13T03:24:32.919+0530 DEBUG Parsing relationship: /xl/_rels/workbook.xml.rels
2024-03-13T03:24:32.920+0530 DEBUG Parsing relationship: /xl/worksheets/_rels/sheet1.xml.rels
2024-03-13T03:24:32.922+0530 DEBUG Parsing relationship: /_rels/.rels
2024-03-13T03:24:33.006+0530 DEBUG Parsing relationship: /xl/_rels/workbook.xml.rels
2024-03-13T03:24:33.008+0530 DEBUG Parsing relationship: /xl/worksheets/_rels/sheet1.xml.rels
2024-03-13T03:24:33.010+0530 DEBUG Parsing relationship: /_rels/.rels
2024-03-13T03:24:33.080+0530 DEBUG Parsing relationship: /xl/_rels/workbook.xml.rels
2024-03-13T03:24:33.082+0530 DEBUG Parsing relationship: /xl/worksheets/_rels/sheet1.xml.rels
2024-03-13T03:24:33.088+0530 DEBUG Parsing relationship: /_rels/.rels
2024-03-13T03:24:33.141+0530 DEBUG Parsing relationship: /xl/_rels/workbook.xml.rels
2024-03-13T03:24:33.143+0530 DEBUG Parsing relationship: /xl/worksheets/_rels/sheet1.xml.rels
2024-03-13T03:24:33.150+0530 DEBUG Parsing relationship: /_rels/.rels
2024-03-13T03:24:33.206+0530 DEBUG Parsing relationship: /xl/_rels/workbook.xml.rels
2024-03-13T03:24:33.209+0530 DEBUG Parsing relationship: /xl/worksheets/_rels/sheet1.xml.rels
2024-03-13T03:24:33.219+0530 DEBUG Parsing relationship: /_rels/.rels
2024-03-13T03:24:33.298+0530 DEBUG Parsing relationship: /xl/_rels/workbook.xml.rels
2024-03-13T03:24:33.299+0530 DEBUG Parsing relationship: /xl/worksheets/_rels/sheet1.xml.rels
2024-03-13T03:24:33.301+0530 DEBUG Parsing relationship: /_rels/.rels
2024-03-13T03:24:33.393+0530 DEBUG Parsing relationship: /xl/_rels/workbook.xml.rels
2024-03-13T03:24:33.397+0530 DEBUG Parsing relationship: /xl/worksheets/_rels/sheet1.xml.rels
2024-03-13T03:24:33.399+0530 DEBUG Parsing relationship: /_rels/.rels
2024-03-13T03:24:33.473+0530 DEBUG Parsing relationship: /xl/_rels/workbook.xml.rels
2024-03-13T03:24:33.475+0530 DEBUG Parsing relationship: /xl/worksheets/_rels/sheet1.xml.rels
2024-03-13T03:24:33.483+0530 DEBUG Parsing relationship: /_rels/.rels
2024-03-13T03:24:33.555+0530 DEBUG Parsing relationship: /xl/_rels/workbook.xml.rels
2024-03-13T03:24:33.556+0530 DEBUG Parsing relationship: /xl/worksheets/_rels/sheet1.xml.rels
2024-03-13T03:24:33.557+0530 DEBUG Parsing relationship: /_rels/.rels
2024-03-13T03:24:33.615+0530 DEBUG Parsing relationship: /xl/_rels/workbook.xml.rels
2024-03-13T03:24:33.620+0530 DEBUG Parsing relationship: /xl/worksheets/_rels/sheet1.xml.rels
2024-03-13T03:24:33.621+0530 DEBUG Parsing relationship: /_rels/.rels
2024-03-13T03:24:33.660+0530 DEBUG Parsing relationship: /xl/_rels/workbook.xml.rels
2024-03-13T03:24:33.670+0530 DEBUG Parsing relationship: /xl/worksheets/_rels/sheet1.xml.rels
2024-03-13T03:24:33.672+0530 DEBUG Parsing relationship: /_rels/.rels
2024-03-13T03:24:33.719+0530 DEBUG Parsing relationship: /xl/_rels/workbook.xml.rels
2024-03-13T03:24:33.720+0530 DEBUG Parsing relationship: /xl/worksheets/_rels/sheet1.xml.rels
2024-03-13T03:24:33.722+0530 DEBUG Parsing relationship: /_rels/.rels
2024-03-13T03:24:33.778+0530 DEBUG Parsing relationship: /xl/_rels/workbook.xml.rels
2024-03-13T03:24:33.780+0530 DEBUG Parsing relationship: /xl/worksheets/_rels/sheet1.xml.rels
2024-03-13T03:24:33.782+0530 DEBUG Parsing relationship: /_rels/.rels
2024-03-13T03:24:33.822+0530 DEBUG Parsing relationship: /xl/_rels/workbook.xml.rels
2024-03-13T03:24:33.832+0530 DEBUG Parsing relationship: /xl/worksheets/_rels/sheet1.xml.rels
2024-03-13T03:24:33.836+0530 DEBUG Parsing relationship: /_rels/.rels
2024-03-13T03:24:33.888+0530 DEBUG Parsing relationship: /xl/_rels/workbook.xml.rels
2024-03-13T03:24:33.889+0530 DEBUG Parsing relationship: /xl/worksheets/_rels/sheet1.xml.rels
2024-03-13T03:24:33.891+0530 DEBUG Parsing relationship: /_rels/.rels
2024-03-13T03:24:33.942+0530 DEBUG Parsing relationship: /xl/_rels/workbook.xml.rels
2024-03-13T03:24:33.943+0530 DEBUG Parsing relationship: /xl/worksheets/_rels/sheet1.xml.rels
2024-03-13T03:24:33.950+0530 DEBUG Parsing relationship: /_rels/.rels
2024-03-13T03:24:34.001+0530 DEBUG Parsing relationship: /xl/_rels/workbook.xml.rels
2024-03-13T03:24:34.002+0530 DEBUG Parsing relationship: /xl/worksheets/_rels/sheet1.xml.rels
2024-03-13T03:24:34.004+0530 DEBUG Parsing relationship: /_rels/.rels
2024-03-13T03:24:34.066+0530 DEBUG Parsing relationship: /xl/_rels/workbook.xml.rels
2024-03-13T03:24:34.068+0530 DEBUG Parsing relationship: /xl/worksheets/_rels/sheet1.xml.rels
2024-03-13T03:24:34.069+0530 DEBUG Parsing relationship: /_rels/.rels
2024-03-13T03:24:34.158+0530 DEBUG Parsing relationship: /xl/_rels/workbook.xml.rels
2024-03-13T03:24:34.159+0530 DEBUG Parsing relationship: /xl/worksheets/_rels/sheet1.xml.rels
2024-03-13T03:24:34.160+0530 DEBUG Parsing relationship: /_rels/.rels
2024-03-13T03:24:34.209+0530 DEBUG Parsing relationship: /xl/_rels/workbook.xml.rels
2024-03-13T03:24:34.216+0530 DEBUG Parsing relationship: /xl/worksheets/_rels/sheet1.xml.rels
2024-03-13T03:24:34.220+0530 DEBUG Parsing relationship: /_rels/.rels
2024-03-13T03:24:34.309+0530 DEBUG Parsing relationship: /xl/_rels/workbook.xml.rels
2024-03-13T03:24:34.310+0530 DEBUG Parsing relationship: /xl/worksheets/_rels/sheet1.xml.rels
2024-03-13T03:24:34.312+0530 DEBUG Parsing relationship: /_rels/.rels
2024-03-13T03:24:34.410+0530 DEBUG Parsing relationship: /xl/_rels/workbook.xml.rels
2024-03-13T03:24:34.418+0530 DEBUG Parsing relationship: /xl/worksheets/_rels/sheet1.xml.rels
2024-03-13T03:24:34.422+0530 DEBUG Parsing relationship: /_rels/.rels
2024-03-13T03:24:34.550+0530 DEBUG Parsing relationship: /xl/_rels/workbook.xml.rels
2024-03-13T03:24:34.555+0530 DEBUG Parsing relationship: /xl/worksheets/_rels/sheet1.xml.rels
2024-03-13T03:24:34.573+0530 DEBUG Parsing relationship: /_rels/.rels
2024-03-13T03:24:34.655+0530 DEBUG Parsing relationship: /xl/_rels/workbook.xml.rels
2024-03-13T03:24:34.656+0530 DEBUG Parsing relationship: /xl/worksheets/_rels/sheet1.xml.rels
2024-03-13T03:24:34.658+0530 DEBUG Parsing relationship: /_rels/.rels
2024-03-13T03:24:34.722+0530 DEBUG Parsing relationship: /xl/_rels/workbook.xml.rels
2024-03-13T03:24:34.725+0530 DEBUG Parsing relationship: /xl/worksheets/_rels/sheet1.xml.rels
2024-03-13T03:24:34.727+0530 DEBUG Parsing relationship: /_rels/.rels
2024-03-13T03:24:34.772+0530 DEBUG Parsing relationship: /xl/_rels/workbook.xml.rels
2024-03-13T03:24:34.773+0530 DEBUG Parsing relationship: /xl/worksheets/_rels/sheet1.xml.rels
2024-03-13T03:24:34.775+0530 DEBUG Parsing relationship: /_rels/.rels
2024-03-13T03:24:34.823+0530 DEBUG Parsing relationship: /xl/_rels/workbook.xml.rels
2024-03-13T03:24:34.824+0530 DEBUG Parsing relationship: /xl/worksheets/_rels/sheet1.xml.rels
2024-03-13T03:24:34.826+0530 DEBUG Parsing relationship: /_rels/.rels
2024-03-13T03:24:34.876+0530 DEBUG Parsing relationship: /xl/_rels/workbook.xml.rels
2024-03-13T03:24:34.878+0530 DEBUG Parsing relationship: /xl/worksheets/_rels/sheet1.xml.rels
2024-03-13T03:24:34.890+0530 DEBUG Parsing relationship: /_rels/.rels
2024-03-13T03:24:34.945+0530 DEBUG Parsing relationship: /xl/_rels/workbook.xml.rels
2024-03-13T03:24:34.961+0530 DEBUG Parsing relationship: /xl/worksheets/_rels/sheet1.xml.rels
2024-03-13T03:24:34.971+0530 DEBUG Parsing relationship: /_rels/.rels
2024-03-13T03:24:35.031+0530 DEBUG Parsing relationship: /xl/_rels/workbook.xml.rels
2024-03-13T03:24:35.035+0530 DEBUG Parsing relationship: /xl/worksheets/_rels/sheet1.xml.rels
2024-03-13T03:24:35.039+0530 DEBUG Parsing relationship: /_rels/.rels
2024-03-13T03:24:35.093+0530 DEBUG Parsing relationship: /xl/_rels/workbook.xml.rels
2024-03-13T03:24:35.094+0530 DEBUG Parsing relationship: /xl/worksheets/_rels/sheet1.xml.rels
2024-03-13T03:24:35.102+0530 DEBUG Parsing relationship: /_rels/.rels
2024-03-13T03:24:35.153+0530 DEBUG Parsing relationship: /xl/_rels/workbook.xml.rels
2024-03-13T03:24:35.156+0530 DEBUG Parsing relationship: /xl/worksheets/_rels/sheet1.xml.rels
2024-03-13T03:24:35.157+0530 DEBUG Parsing relationship: /_rels/.rels
2024-03-13T03:24:35.224+0530 DEBUG Parsing relationship: /xl/_rels/workbook.xml.rels
2024-03-13T03:24:35.227+0530 DEBUG Parsing relationship: /xl/worksheets/_rels/sheet1.xml.rels
2024-03-13T03:24:35.228+0530 DEBUG Parsing relationship: /_rels/.rels
2024-03-13T03:24:35.276+0530 DEBUG Parsing relationship: /xl/_rels/workbook.xml.rels
2024-03-13T03:24:35.277+0530 DEBUG Parsing relationship: /xl/worksheets/_rels/sheet1.xml.rels
2024-03-13T03:24:35.281+0530 DEBUG Parsing relationship: /_rels/.rels
2024-03-13T03:24:35.320+0530 DEBUG Parsing relationship: /xl/_rels/workbook.xml.rels
2024-03-13T03:24:35.321+0530 DEBUG Parsing relationship: /xl/worksheets/_rels/sheet1.xml.rels
2024-03-13T03:24:35.322+0530 DEBUG Parsing relationship: /_rels/.rels
2024-03-13T03:24:35.387+0530 DEBUG Parsing relationship: /xl/_rels/workbook.xml.rels
2024-03-13T03:24:35.389+0530 DEBUG Parsing relationship: /xl/worksheets/_rels/sheet1.xml.rels
2024-03-13T03:24:35.390+0530 DEBUG Parsing relationship: /_rels/.rels
2024-03-13T03:24:35.460+0530 DEBUG Parsing relationship: /xl/_rels/workbook.xml.rels
2024-03-13T03:24:35.462+0530 DEBUG Parsing relationship: /xl/worksheets/_rels/sheet1.xml.rels
2024-03-13T03:24:35.471+0530 DEBUG Parsing relationship: /_rels/.rels
2024-03-13T03:24:35.595+0530 DEBUG Parsing relationship: /xl/_rels/workbook.xml.rels
2024-03-13T03:24:35.601+0530 DEBUG Parsing relationship: /xl/worksheets/_rels/sheet1.xml.rels
2024-03-13T03:24:35.603+0530 DEBUG Parsing relationship: /_rels/.rels
2024-03-13T03:24:35.785+0530 DEBUG Parsing relationship: /xl/_rels/workbook.xml.rels
2024-03-13T03:24:35.786+0530 DEBUG Parsing relationship: /xl/worksheets/_rels/sheet1.xml.rels
2024-03-13T03:24:35.788+0530 DEBUG Parsing relationship: /_rels/.rels
2024-03-13T03:24:35.826+0530 DEBUG Parsing relationship: /xl/_rels/workbook.xml.rels
2024-03-13T03:24:35.827+0530 DEBUG Parsing relationship: /xl/worksheets/_rels/sheet1.xml.rels
2024-03-13T03:24:35.828+0530 DEBUG Parsing relationship: /_rels/.rels
2024-03-13T03:24:35.873+0530 DEBUG Parsing relationship: /xl/_rels/workbook.xml.rels
2024-03-13T03:24:35.875+0530 DEBUG Parsing relationship: /xl/worksheets/_rels/sheet1.xml.rels
2024-03-13T03:24:35.876+0530 DEBUG Parsing relationship: /_rels/.rels
2024-03-13T03:24:35.962+0530 DEBUG Parsing relationship: /xl/_rels/workbook.xml.rels
2024-03-13T03:24:35.976+0530 DEBUG Parsing relationship: /xl/worksheets/_rels/sheet1.xml.rels
2024-03-13T03:24:35.977+0530 DEBUG Parsing relationship: /_rels/.rels
2024-03-13T03:24:36.014+0530 DEBUG Parsing relationship: /xl/_rels/workbook.xml.rels
2024-03-13T03:24:36.015+0530 DEBUG Parsing relationship: /xl/worksheets/_rels/sheet1.xml.rels
2024-03-13T03:24:36.016+0530 DEBUG Parsing relationship: /_rels/.rels
2024-03-13T03:24:36.049+0530 DEBUG Parsing relationship: /xl/_rels/workbook.xml.rels
2024-03-13T03:24:36.050+0530 DEBUG Parsing relationship: /xl/worksheets/_rels/sheet1.xml.rels
2024-03-13T03:24:36.051+0530 DEBUG Parsing relationship: /_rels/.rels
2024-03-13T03:24:36.089+0530 DEBUG Parsing relationship: /xl/_rels/workbook.xml.rels
2024-03-13T03:24:36.091+0530 DEBUG Parsing relationship: /xl/worksheets/_rels/sheet1.xml.rels
2024-03-13T03:24:36.095+0530 DEBUG Parsing relationship: /_rels/.rels
2024-03-13T03:24:36.162+0530 DEBUG Parsing relationship: /xl/_rels/workbook.xml.rels
2024-03-13T03:24:36.163+0530 DEBUG Parsing relationship: /xl/worksheets/_rels/sheet1.xml.rels
2024-03-13T03:24:36.170+0530 DEBUG Parsing relationship: /_rels/.rels
2024-03-13T03:24:36.209+0530 DEBUG Parsing relationship: /xl/_rels/workbook.xml.rels
2024-03-13T03:24:36.210+0530 DEBUG Parsing relationship: /xl/worksheets/_rels/sheet1.xml.rels
2024-03-13T03:24:36.211+0530 DEBUG Parsing relationship: /_rels/.rels
2024-03-13T03:24:36.245+0530 DEBUG Parsing relationship: /xl/_rels/workbook.xml.rels
2024-03-13T03:24:36.246+0530 DEBUG Parsing relationship: /xl/worksheets/_rels/sheet1.xml.rels
2024-03-13T03:24:36.249+0530 DEBUG Parsing relationship: /_rels/.rels
2024-03-13T03:24:36.272+0530 DEBUG Parsing relationship: /xl/_rels/workbook.xml.rels
2024-03-13T03:24:36.273+0530 DEBUG Parsing relationship: /xl/worksheets/_rels/sheet1.xml.rels
2024-03-13T03:24:36.275+0530 DEBUG Parsing relationship: /_rels/.rels
2024-03-13T03:24:36.305+0530 DEBUG Parsing relationship: /xl/_rels/workbook.xml.rels
2024-03-13T03:24:36.307+0530 DEBUG Parsing relationship: /xl/worksheets/_rels/sheet1.xml.rels
2024-03-13T03:24:36.308+0530 DEBUG Parsing relationship: /_rels/.rels
2024-03-13T03:24:36.350+0530 DEBUG Parsing relationship: /xl/_rels/workbook.xml.rels
2024-03-13T03:24:36.353+0530 DEBUG Parsing relationship: /xl/worksheets/_rels/sheet1.xml.rels
2024-03-13T03:24:36.356+0530 DEBUG Parsing relationship: /_rels/.rels
2024-03-13T03:24:36.391+0530 DEBUG Parsing relationship: /xl/_rels/workbook.xml.rels
2024-03-13T03:24:36.392+0530 DEBUG Parsing relationship: /xl/worksheets/_rels/sheet1.xml.rels
2024-03-13T03:24:36.393+0530 DEBUG Parsing relationship: /_rels/.rels
2024-03-13T03:24:36.422+0530 DEBUG Parsing relationship: /xl/_rels/workbook.xml.rels
2024-03-13T03:24:36.426+0530 DEBUG Parsing relationship: /xl/worksheets/_rels/sheet1.xml.rels
2024-03-13T03:24:36.427+0530 DEBUG Parsing relationship: /_rels/.rels
2024-03-13T03:24:36.461+0530 DEBUG Parsing relationship: /xl/_rels/workbook.xml.rels
2024-03-13T03:24:36.462+0530 DEBUG Parsing relationship: /xl/worksheets/_rels/sheet1.xml.rels
2024-03-13T03:24:36.463+0530 DEBUG Parsing relationship: /_rels/.rels
2024-03-13T03:24:36.511+0530 DEBUG Parsing relationship: /xl/_rels/workbook.xml.rels
2024-03-13T03:24:36.512+0530 DEBUG Parsing relationship: /xl/worksheets/_rels/sheet1.xml.rels
2024-03-13T03:24:36.513+0530 DEBUG Parsing relationship: /_rels/.rels
2024-03-13T03:24:36.587+0530 DEBUG Parsing relationship: /xl/_rels/workbook.xml.rels
2024-03-13T03:24:36.588+0530 DEBUG Parsing relationship: /xl/worksheets/_rels/sheet1.xml.rels
2024-03-13T03:24:36.589+0530 DEBUG Parsing relationship: /_rels/.rels
2024-03-13T03:24:36.623+0530 DEBUG Parsing relationship: /xl/_rels/workbook.xml.rels
2024-03-13T03:24:36.624+0530 DEBUG Parsing relationship: /xl/worksheets/_rels/sheet1.xml.rels
2024-03-13T03:24:36.625+0530 DEBUG Parsing relationship: /_rels/.rels
2024-03-13T03:24:36.662+0530 DEBUG Parsing relationship: /xl/_rels/workbook.xml.rels
2024-03-13T03:24:36.664+0530 DEBUG Parsing relationship: /xl/worksheets/_rels/sheet1.xml.rels
2024-03-13T03:24:36.677+0530 DEBUG Parsing relationship: /_rels/.rels
2024-03-13T03:24:58.200+0530 INFO ***********Creating user***********
2024-03-13T03:24:59.542+0530 INFO ***********User Created***********
2024-03-13T03:24:59.544+0530 INFO ***********Reading user***********
2024-03-13T03:25:00.878+0530 INFO ***********User Info Displayed***********
2024-03-13T03:25:00.880+0530 INFO ***********Updating user data***********
2024-03-13T03:25:03.491+0530 INFO ***********User Data Updated***********
2024-03-13T03:25:03.494+0530 INFO ***********Deleting User***********
2024-03-13T03:25:04.766+0530 INFO ***********User Data Deleted***********
2024-03-13T03:28:36.391+0530 INFO ***********Creating user***********
2024-03-13T03:28:44.759+0530 INFO ***********User Created***********
2024-03-13T03:28:44.824+0530 INFO ***********Reading user***********
2024-03-13T03:28:46.616+0530 INFO ***********User Info Displayed***********
2024-03-13T03:28:46.624+0530 INFO ***********Updating user data***********
2024-03-13T03:28:49.575+0530 INFO ***********User Data Updated***********
2024-03-13T03:28:49.578+0530 INFO ***********Deleting User***********
2024-03-13T03:28:50.826+0530 INFO ***********User Data Deleted***********
2024-03-13T12:03:50.930+0530 INFO ***********Creating user***********
2024-03-13T12:04:03.418+0530 INFO ***********User Created***********
2024-03-13T12:04:03.542+0530 INFO ***********Reading user***********
2024-03-13T12:04:04.887+0530 INFO ***********User Info Displayed***********
2024-03-13T12:04:04.891+0530 INFO ***********Updating user data***********
2024-03-13T12:04:07.666+0530 INFO ***********User Data Updated***********
2024-03-13T12:04:07.669+0530 INFO ***********Deleting User***********
2024-03-13T12:04:09.008+0530 INFO ***********User Data Deleted***********
2024-03-13T13:00:25.902+0530 INFO ***********Creating user***********
2024-03-13T13:00:32.868+0530 INFO ***********User Created***********
2024-03-13T13:00:32.981+0530 INFO ***********Reading user***********
2024-03-13T13:00:34.358+0530 INFO ***********User Info Displayed***********
2024-03-13T13:00:34.362+0530 INFO ***********Updating user data***********
2024-03-13T13:00:36.998+0530 INFO ***********User Data Updated***********
2024-03-13T13:00:37.002+0530 INFO ***********Deleting User***********
2024-03-13T13:00:38.240+0530 INFO ***********User Data Deleted***********
2024-03-13T14:53:18.484+0530 INFO ***********Creating user***********
2024-03-13T14:53:26.806+0530 INFO ***********User Created***********
2024-03-13T14:53:26.889+0530 INFO ***********Reading user***********
2024-03-13T14:53:28.242+0530 INFO ***********User Info Displayed***********
2024-03-13T14:53:28.245+0530 INFO ***********Updating user data***********
2024-03-13T14:53:30.992+0530 INFO ***********User Data Updated***********
2024-03-13T14:53:30.995+0530 INFO ***********Deleting User***********
2024-03-13T14:53:32.309+0530 INFO ***********User Data Deleted***********
